<?xml version="1.0" encoding="UTF-8"?>
<testsuite xmlns:xsi="http://www.w3.org/2001/XMLSchema-instance" xsi:noNamespaceSchemaLocation="https://maven.apache.org/surefire/maven-surefire-plugin/xsd/surefire-test-report-3.0.xsd" version="3.0" name="com.example.AppTest" time="0.014" tests="1" errors="0" skipped="0" failures="0">
  <properties>
    <property name="java.specification.version" value="23"/>
    <property name="sun.jnu.encoding" value="UTF-8"/>
    <property name="java.class.path" value="/Users/coinssas/Downloads/impresion-backV2 (1)/target/test-classes:/Users/coinssas/Downloads/impresion-backV2 (1)/target/classes:/Users/coinssas/.m2/repository/org/junit/jupiter/junit-jupiter-engine/5.7.0/junit-jupiter-engine-5.7.0.jar:/Users/coinssas/.m2/repository/org/apiguardian/apiguardian-api/1.1.0/apiguardian-api-1.1.0.jar:/Users/coinssas/.m2/repository/org/junit/platform/junit-platform-engine/1.7.0/junit-platform-engine-1.7.0.jar:/Users/coinssas/.m2/repository/org/opentest4j/opentest4j/1.2.0/opentest4j-1.2.0.jar:/Users/coinssas/.m2/repository/org/junit/platform/junit-platform-commons/1.7.0/junit-platform-commons-1.7.0.jar:/Users/coinssas/.m2/repository/org/junit/jupiter/junit-jupiter-api/5.7.0/junit-jupiter-api-5.7.0.jar:/Users/coinssas/.m2/repository/com/github/anastaciocintra/escpos-coffee/4.0.1/escpos-coffee-4.0.1.jar:/Users/coinssas/.m2/repository/com/sparkjava/spark-core/2.9.3/spark-core-2.9.3.jar:/Users/coinssas/.m2/repository/org/slf4j/slf4j-api/1.7.25/slf4j-api-1.7.25.jar:/Users/coinssas/.m2/repository/org/eclipse/jetty/jetty-server/9.4.31.v20200723/jetty-server-9.4.31.v20200723.jar:/Users/coinssas/.m2/repository/javax/servlet/javax.servlet-api/3.1.0/javax.servlet-api-3.1.0.jar:/Users/coinssas/.m2/repository/org/eclipse/jetty/jetty-http/9.4.31.v20200723/jetty-http-9.4.31.v20200723.jar:/Users/coinssas/.m2/repository/org/eclipse/jetty/jetty-util/9.4.31.v20200723/jetty-util-9.4.31.v20200723.jar:/Users/coinssas/.m2/repository/org/eclipse/jetty/jetty-io/9.4.31.v20200723/jetty-io-9.4.31.v20200723.jar:/Users/coinssas/.m2/repository/org/eclipse/jetty/jetty-webapp/9.4.31.v20200723/jetty-webapp-9.4.31.v20200723.jar:/Users/coinssas/.m2/repository/org/eclipse/jetty/jetty-xml/9.4.31.v20200723/jetty-xml-9.4.31.v20200723.jar:/Users/coinssas/.m2/repository/org/eclipse/jetty/jetty-servlet/9.4.31.v20200723/jetty-servlet-9.4.31.v20200723.jar:/Users/coinssas/.m2/repository/org/eclipse/jetty/jetty-security/9.4.31.v20200723/jetty-security-9.4.31.v20200723.jar:/Users/coinssas/.m2/repository/org/eclipse/jetty/websocket/websocket-server/9.4.31.v20200723/websocket-server-9.4.31.v20200723.jar:/Users/coinssas/.m2/repository/org/eclipse/jetty/websocket/websocket-common/9.4.31.v20200723/websocket-common-9.4.31.v20200723.jar:/Users/coinssas/.m2/repository/org/eclipse/jetty/websocket/websocket-client/9.4.31.v20200723/websocket-client-9.4.31.v20200723.jar:/Users/coinssas/.m2/repository/org/eclipse/jetty/jetty-client/9.4.31.v20200723/jetty-client-9.4.31.v20200723.jar:/Users/coinssas/.m2/repository/org/eclipse/jetty/websocket/websocket-servlet/9.4.31.v20200723/websocket-servlet-9.4.31.v20200723.jar:/Users/coinssas/.m2/repository/org/eclipse/jetty/websocket/websocket-api/9.4.31.v20200723/websocket-api-9.4.31.v20200723.jar:/Users/coinssas/.m2/repository/com/google/code/gson/gson/2.8.8/gson-2.8.8.jar:/Users/coinssas/.m2/repository/com/google/zxing/core/3.4.1/core-3.4.1.jar:/Users/coinssas/.m2/repository/com/google/zxing/javase/3.4.1/javase-3.4.1.jar:/Users/coinssas/.m2/repository/com/beust/jcommander/1.78/jcommander-1.78.jar:/Users/coinssas/.m2/repository/com/github/jai-imageio/jai-imageio-core/1.4.0/jai-imageio-core-1.4.0.jar:"/>
    <property name="java.vm.vendor" value="Homebrew"/>
    <property name="sun.arch.data.model" value="64"/>
    <property name="java.vendor.url" value="https://github.com/Homebrew/homebrew-core/issues"/>
    <property name="os.name" value="Mac OS X"/>
    <property name="java.vm.specification.version" value="23"/>
    <property name="sun.java.launcher" value="SUN_STANDARD"/>
    <property name="user.country" value="CO"/>
    <property name="sun.boot.library.path" value="/opt/homebrew/Cellar/openjdk/23/libexec/openjdk.jdk/Contents/Home/lib"/>
    <property name="sun.java.command" value="/Users/coinssas/Downloads/impresion-backV2 (1)/target/surefire/surefirebooter-20241120072723365_3.jar /Users/coinssas/Downloads/impresion-backV2 (1)/target/surefire 2024-11-20T07-27-22_319-jvmRun1 surefire-20241120072723365_1tmp surefire_0-20241120072723365_2tmp"/>
    <property name="http.nonProxyHosts" value="local|*.local|169.254/16|*.169.254/16"/>
    <property name="jdk.debug" value="release"/>
    <property name="surefire.test.class.path" value="/Users/coinssas/Downloads/impresion-backV2 (1)/target/test-classes:/Users/coinssas/Downloads/impresion-backV2 (1)/target/classes:/Users/coinssas/.m2/repository/org/junit/jupiter/junit-jupiter-engine/5.7.0/junit-jupiter-engine-5.7.0.jar:/Users/coinssas/.m2/repository/org/apiguardian/apiguardian-api/1.1.0/apiguardian-api-1.1.0.jar:/Users/coinssas/.m2/repository/org/junit/platform/junit-platform-engine/1.7.0/junit-platform-engine-1.7.0.jar:/Users/coinssas/.m2/repository/org/opentest4j/opentest4j/1.2.0/opentest4j-1.2.0.jar:/Users/coinssas/.m2/repository/org/junit/platform/junit-platform-commons/1.7.0/junit-platform-commons-1.7.0.jar:/Users/coinssas/.m2/repository/org/junit/jupiter/junit-jupiter-api/5.7.0/junit-jupiter-api-5.7.0.jar:/Users/coinssas/.m2/repository/com/github/anastaciocintra/escpos-coffee/4.0.1/escpos-coffee-4.0.1.jar:/Users/coinssas/.m2/repository/com/sparkjava/spark-core/2.9.3/spark-core-2.9.3.jar:/Users/coinssas/.m2/repository/org/slf4j/slf4j-api/1.7.25/slf4j-api-1.7.25.jar:/Users/coinssas/.m2/repository/org/eclipse/jetty/jetty-server/9.4.31.v20200723/jetty-server-9.4.31.v20200723.jar:/Users/coinssas/.m2/repository/javax/servlet/javax.servlet-api/3.1.0/javax.servlet-api-3.1.0.jar:/Users/coinssas/.m2/repository/org/eclipse/jetty/jetty-http/9.4.31.v20200723/jetty-http-9.4.31.v20200723.jar:/Users/coinssas/.m2/repository/org/eclipse/jetty/jetty-util/9.4.31.v20200723/jetty-util-9.4.31.v20200723.jar:/Users/coinssas/.m2/repository/org/eclipse/jetty/jetty-io/9.4.31.v20200723/jetty-io-9.4.31.v20200723.jar:/Users/coinssas/.m2/repository/org/eclipse/jetty/jetty-webapp/9.4.31.v20200723/jetty-webapp-9.4.31.v20200723.jar:/Users/coinssas/.m2/repository/org/eclipse/jetty/jetty-xml/9.4.31.v20200723/jetty-xml-9.4.31.v20200723.jar:/Users/coinssas/.m2/repository/org/eclipse/jetty/jetty-servlet/9.4.31.v20200723/jetty-servlet-9.4.31.v20200723.jar:/Users/coinssas/.m2/repository/org/eclipse/jetty/jetty-security/9.4.31.v20200723/jetty-security-9.4.31.v20200723.jar:/Users/coinssas/.m2/repository/org/eclipse/jetty/websocket/websocket-server/9.4.31.v20200723/websocket-server-9.4.31.v20200723.jar:/Users/coinssas/.m2/repository/org/eclipse/jetty/websocket/websocket-common/9.4.31.v20200723/websocket-common-9.4.31.v20200723.jar:/Users/coinssas/.m2/repository/org/eclipse/jetty/websocket/websocket-client/9.4.31.v20200723/websocket-client-9.4.31.v20200723.jar:/Users/coinssas/.m2/repository/org/eclipse/jetty/jetty-client/9.4.31.v20200723/jetty-client-9.4.31.v20200723.jar:/Users/coinssas/.m2/repository/org/eclipse/jetty/websocket/websocket-servlet/9.4.31.v20200723/websocket-servlet-9.4.31.v20200723.jar:/Users/coinssas/.m2/repository/org/eclipse/jetty/websocket/websocket-api/9.4.31.v20200723/websocket-api-9.4.31.v20200723.jar:/Users/coinssas/.m2/repository/com/google/code/gson/gson/2.8.8/gson-2.8.8.jar:/Users/coinssas/.m2/repository/com/google/zxing/core/3.4.1/core-3.4.1.jar:/Users/coinssas/.m2/repository/com/google/zxing/javase/3.4.1/javase-3.4.1.jar:/Users/coinssas/.m2/repository/com/beust/jcommander/1.78/jcommander-1.78.jar:/Users/coinssas/.m2/repository/com/github/jai-imageio/jai-imageio-core/1.4.0/jai-imageio-core-1.4.0.jar:"/>
    <property name="sun.cpu.endian" value="little"/>
    <property name="user.home" value="/Users/coinssas"/>
    <property name="user.language" value="es"/>
    <property name="java.specification.vendor" value="Oracle Corporation"/>
    <property name="java.version.date" value="2024-09-17"/>
    <property name="java.home" value="/opt/homebrew/Cellar/openjdk/23/libexec/openjdk.jdk/Contents/Home"/>
    <property name="file.separator" value="/"/>
    <property name="basedir" value="/Users/coinssas/Downloads/impresion-backV2 (1)"/>
    <property name="java.vm.compressedOopsMode" value="Zero based"/>
    <property name="line.separator" value="&#10;"/>
    <property name="java.vm.specification.vendor" value="Oracle Corporation"/>
    <property name="java.specification.name" value="Java Platform API Specification"/>
    <property name="apple.awt.application.name" value="ForkedBooter"/>
    <property name="surefire.real.class.path" value="/Users/coinssas/Downloads/impresion-backV2 (1)/target/surefire/surefirebooter-20241120072723365_3.jar"/>
    <property name="sun.management.compiler" value="HotSpot 64-Bit Tiered Compilers"/>
    <property name="ftp.nonProxyHosts" value="local|*.local|169.254/16|*.169.254/16"/>
    <property name="java.runtime.version" value="23"/>
    <property name="user.name" value="coinssas"/>
    <property name="stdout.encoding" value="UTF-8"/>
    <property name="path.separator" value=":"/>
    <property name="os.version" value="13.5"/>
    <property name="java.runtime.name" value="OpenJDK Runtime Environment"/>
    <property name="file.encoding" value="UTF-8"/>
    <property name="java.vm.name" value="OpenJDK 64-Bit Server VM"/>
    <property name="java.vendor.version" value="Homebrew"/>
    <property name="localRepository" value="/Users/coinssas/.m2/repository"/>
    <property name="java.vendor.url.bug" value="https://github.com/Homebrew/homebrew-core/issues"/>
    <property name="java.io.tmpdir" value="/var/folders/wp/6stjctbj3d32lv2p42f0n2tc0000gn/T/"/>
    <property name="java.version" value="23"/>
    <property name="user.dir" value="/Users/coinssas/Downloads/impresion-backV2 (1)"/>
    <property name="os.arch" value="aarch64"/>
    <property name="java.vm.specification.name" value="Java Virtual Machine Specification"/>
    <property name="native.encoding" value="UTF-8"/>
    <property name="java.library.path" value="/Users/coinssas/Library/Java/Extensions:/Library/Java/Extensions:/Network/Library/Java/Extensions:/System/Library/Java/Extensions:/usr/lib/java:."/>
    <property name="java.vm.info" value="mixed mode, sharing"/>
    <property name="stderr.encoding" value="UTF-8"/>
    <property name="java.vendor" value="Homebrew"/>
    <property name="java.vm.version" value="23"/>
    <property name="sun.io.unicode.encoding" value="UnicodeBig"/>
    <property name="socksNonProxyHosts" value="local|*.local|169.254/16|*.169.254/16"/>
    <property name="java.class.version" value="67.0"/>
  </properties>
  <testcase name="testApp" classname="com.example.AppTest" time="0.009"/>
</testsuite>